<?xml version="1.0" encoding="UTF-8"?>
<testsuite name="com.archisacademy.rentalservices.RentalServicesApplicationTests" tests="1" skipped="0" failures="0" errors="0" timestamp="2022-04-06T15:09:23" hostname="DESKTOP-IPV2GTI" time="4.015">
  <properties/>
  <testcase name="contextLoads()" classname="com.archisacademy.rentalservices.RentalServicesApplicationTests" time="4.015"/>
  <system-out><![CDATA[20:38:58.322 [Test worker] DEBUG org.springframework.test.context.BootstrapUtils - Instantiating CacheAwareContextLoaderDelegate from class [org.springframework.test.context.cache.DefaultCacheAwareContextLoaderDelegate]
20:38:58.478 [Test worker] DEBUG org.springframework.test.context.BootstrapUtils - Instantiating BootstrapContext using constructor [public org.springframework.test.context.support.DefaultBootstrapContext(java.lang.Class,org.springframework.test.context.CacheAwareContextLoaderDelegate)]
20:38:58.947 [Test worker] DEBUG org.springframework.test.context.BootstrapUtils - Instantiating TestContextBootstrapper for test class [com.archisacademy.rentalservices.RentalServicesApplicationTests] from class [org.springframework.boot.test.context.SpringBootTestContextBootstrapper]
20:38:59.103 [Test worker] INFO org.springframework.boot.test.context.SpringBootTestContextBootstrapper - Neither @ContextConfiguration nor @ContextHierarchy found for test class [com.archisacademy.rentalservices.RentalServicesApplicationTests], using SpringBootContextLoader
20:38:59.150 [Test worker] DEBUG org.springframework.test.context.support.AbstractContextLoader - Did not detect default resource location for test class [com.archisacademy.rentalservices.RentalServicesApplicationTests]: class path resource [com/archisacademy/rentalservices/RentalServicesApplicationTests-context.xml] does not exist
20:38:59.150 [Test worker] DEBUG org.springframework.test.context.support.AbstractContextLoader - Did not detect default resource location for test class [com.archisacademy.rentalservices.RentalServicesApplicationTests]: class path resource [com/archisacademy/rentalservices/RentalServicesApplicationTestsContext.groovy] does not exist
20:38:59.150 [Test worker] INFO org.springframework.test.context.support.AbstractContextLoader - Could not detect default resource locations for test class [com.archisacademy.rentalservices.RentalServicesApplicationTests]: no resource found for suffixes {-context.xml, Context.groovy}.
20:38:59.166 [Test worker] INFO org.springframework.test.context.support.AnnotationConfigContextLoaderUtils - Could not detect default configuration classes for test class [com.archisacademy.rentalservices.RentalServicesApplicationTests]: RentalServicesApplicationTests does not declare any static, non-private, non-final, nested classes annotated with @Configuration.
20:38:59.728 [Test worker] DEBUG org.springframework.test.context.support.ActiveProfilesUtils - Could not find an 'annotation declaring class' for annotation type [org.springframework.test.context.ActiveProfiles] and class [com.archisacademy.rentalservices.RentalServicesApplicationTests]
20:39:00.478 [Test worker] DEBUG org.springframework.context.annotation.ClassPathScanningCandidateComponentProvider - Identified candidate component class: file [E:\rental-services\build\classes\java\main\com\archisacademy\rentalservices\RentalServicesApplication.class]
20:39:00.494 [Test worker] INFO org.springframework.boot.test.context.SpringBootTestContextBootstrapper - Found @SpringBootConfiguration com.archisacademy.rentalservices.RentalServicesApplication for test class com.archisacademy.rentalservices.RentalServicesApplicationTests
20:39:01.650 [Test worker] DEBUG org.springframework.boot.test.context.SpringBootTestContextBootstrapper - @TestExecutionListeners is not present for class [com.archisacademy.rentalservices.RentalServicesApplicationTests]: using defaults.
20:39:01.666 [Test worker] INFO org.springframework.boot.test.context.SpringBootTestContextBootstrapper - Loaded default TestExecutionListener class names from location [META-INF/spring.factories]: [org.springframework.boot.test.autoconfigure.restdocs.RestDocsTestExecutionListener, org.springframework.boot.test.autoconfigure.web.client.MockRestServiceServerResetTestExecutionListener, org.springframework.boot.test.autoconfigure.web.servlet.MockMvcPrintOnlyOnFailureTestExecutionListener, org.springframework.boot.test.autoconfigure.web.servlet.WebDriverTestExecutionListener, org.springframework.boot.test.autoconfigure.webservices.client.MockWebServiceServerTestExecutionListener, org.springframework.boot.test.mock.mockito.MockitoTestExecutionListener, org.springframework.boot.test.mock.mockito.ResetMocksTestExecutionListener, org.springframework.test.context.web.ServletTestExecutionListener, org.springframework.test.context.support.DirtiesContextBeforeModesTestExecutionListener, org.springframework.test.context.event.ApplicationEventsTestExecutionListener, org.springframework.test.context.support.DependencyInjectionTestExecutionListener, org.springframework.test.context.support.DirtiesContextTestExecutionListener, org.springframework.test.context.transaction.TransactionalTestExecutionListener, org.springframework.test.context.jdbc.SqlScriptsTestExecutionListener, org.springframework.test.context.event.EventPublishingTestExecutionListener]
20:39:01.869 [Test worker] DEBUG org.springframework.boot.test.context.SpringBootTestContextBootstrapper - Skipping candidate TestExecutionListener [org.springframework.test.context.transaction.TransactionalTestExecutionListener] due to a missing dependency. Specify custom listener classes or make the default listener classes and their required dependencies available. Offending class: [org/springframework/transaction/interceptor/TransactionAttributeSource]
20:39:01.869 [Test worker] DEBUG org.springframework.boot.test.context.SpringBootTestContextBootstrapper - Skipping candidate TestExecutionListener [org.springframework.test.context.jdbc.SqlScriptsTestExecutionListener] due to a missing dependency. Specify custom listener classes or make the default listener classes and their required dependencies available. Offending class: [org/springframework/transaction/interceptor/TransactionAttribute]
20:39:01.884 [Test worker] INFO org.springframework.boot.test.context.SpringBootTestContextBootstrapper - Using TestExecutionListeners: [org.springframework.test.context.web.ServletTestExecutionListener@35038141, org.springframework.test.context.support.DirtiesContextBeforeModesTestExecutionListener@ecf9049, org.springframework.test.context.event.ApplicationEventsTestExecutionListener@672f11c2, org.springframework.boot.test.mock.mockito.MockitoTestExecutionListener@2970a5bc, org.springframework.boot.test.autoconfigure.SpringBootDependencyInjectionTestExecutionListener@50305a, org.springframework.test.context.support.DirtiesContextTestExecutionListener@72efb5c1, org.springframework.test.context.event.EventPublishingTestExecutionListener@6d511b5f, org.springframework.boot.test.autoconfigure.restdocs.RestDocsTestExecutionListener@41200e0c, org.springframework.boot.test.autoconfigure.web.client.MockRestServiceServerResetTestExecutionListener@40f33492, org.springframework.boot.test.autoconfigure.web.servlet.MockMvcPrintOnlyOnFailureTestExecutionListener@4fbdc0f0, org.springframework.boot.test.autoconfigure.web.servlet.WebDriverTestExecutionListener@2ad3a1bb, org.springframework.boot.test.autoconfigure.webservices.client.MockWebServiceServerTestExecutionListener@6bc28a83, org.springframework.boot.test.mock.mockito.ResetMocksTestExecutionListener@324c64cd]
20:39:01.916 [Test worker] DEBUG org.springframework.test.context.support.AbstractDirtiesContextTestExecutionListener - Before test class: context [DefaultTestContext@408b35bf testClass = RentalServicesApplicationTests, testInstance = [null], testMethod = [null], testException = [null], mergedContextConfiguration = [WebMergedContextConfiguration@29ad44e3 testClass = RentalServicesApplicationTests, locations = '{}', classes = '{class com.archisacademy.rentalservices.RentalServicesApplication}', contextInitializerClasses = '[]', activeProfiles = '{}', propertySourceLocations = '{}', propertySourceProperties = '{org.springframework.boot.test.context.SpringBootTestContextBootstrapper=true}', contextCustomizers = set[org.springframework.boot.test.autoconfigure.actuate.metrics.MetricsExportContextCustomizerFactory$DisableMetricExportContextCustomizer@3d3ba765, org.springframework.boot.test.autoconfigure.properties.PropertyMappingContextCustomizer@0, org.springframework.boot.test.autoconfigure.web.servlet.WebDriverContextCustomizerFactory$Customizer@11981797, org.springframework.boot.test.context.filter.ExcludeFilterContextCustomizer@40f70521, org.springframework.boot.test.json.DuplicateJsonObjectContextCustomizerFactory$DuplicateJsonObjectContextCustomizer@a4ca3f6, org.springframework.boot.test.mock.mockito.MockitoContextCustomizer@0, org.springframework.boot.test.web.client.TestRestTemplateContextCustomizer@20f12539, org.springframework.boot.test.context.SpringBootTestArgs@1, org.springframework.boot.test.context.SpringBootTestWebEnvironment@60db1c0e], resourceBasePath = 'src/main/webapp', contextLoader = 'org.springframework.boot.test.context.SpringBootContextLoader', parent = [null]], attributes = map['org.springframework.test.context.web.ServletTestExecutionListener.activateListener' -> true]], class annotated with @DirtiesContext [false] with mode [null].

  .   ____          _            __ _ _
 /\\ / ___'_ __ _ _(_)_ __  __ _ \ \ \ \
( ( )\___ | '_ | '_| | '_ \/ _` | \ \ \ \
 \\/  ___)| |_)| | | | | || (_| |  ) ) ) )
  '  |____| .__|_| |_|_| |_\__, | / / / /
 =========|_|==============|___/=/_/_/_/
 :: Spring Boot ::                (v2.6.6)

2022-04-06 20:39:06.041  INFO 3736 --- [    Test worker] c.a.r.RentalServicesApplicationTests     : Starting RentalServicesApplicationTests using Java 11.0.14.1 on DESKTOP-IPV2GTI with PID 3736 (started by ASUS in E:\rental-services)
2022-04-06 20:39:06.056  INFO 3736 --- [    Test worker] c.a.r.RentalServicesApplicationTests     : No active profile set, falling back to 1 default profile: "default"
2022-04-06 20:39:22.939  INFO 3736 --- [    Test worker] c.a.r.RentalServicesApplicationTests     : Started RentalServicesApplicationTests in 20.589 seconds (JVM running for 36.01)
]]></system-out>
  <system-err><![CDATA[]]></system-err>
</testsuite>
